2025-01-14 13:21:38 [Thread-4] ERROR server.manager.ClientManager - ERROR: в методе ClientManager.run. Причина: Stream closed
StackTrace: java.base/java.io.BufferedReader.ensureOpen(BufferedReader.java:121)
java.base/java.io.BufferedReader.implReadLine(BufferedReader.java:362)
java.base/java.io.BufferedReader.readLine(BufferedReader.java:347)
java.base/java.io.BufferedReader.readLine(BufferedReader.java:436)
server.manager.ClientManager.run(ClientManager.java:78)
java.base/java.lang.Thread.run(Thread.java:1570)

2025-01-14 13:37:36 [Thread-4] ERROR server.manager.ClientManager - ERROR: в методе ClientManager.run. Причина: Stream closed
StackTrace: java.base/java.io.BufferedReader.ensureOpen(BufferedReader.java:121)
java.base/java.io.BufferedReader.implReadLine(BufferedReader.java:362)
java.base/java.io.BufferedReader.readLine(BufferedReader.java:347)
java.base/java.io.BufferedReader.readLine(BufferedReader.java:436)
server.manager.ClientManager.run(ClientManager.java:78)
java.base/java.lang.Thread.run(Thread.java:1570)

2025-01-14 13:37:37 [Thread-2] ERROR server.manager.ClientManager - ERROR: в методе ClientManager.run. Причина: Stream closed
StackTrace: java.base/java.io.BufferedReader.ensureOpen(BufferedReader.java:121)
java.base/java.io.BufferedReader.implReadLine(BufferedReader.java:362)
java.base/java.io.BufferedReader.readLine(BufferedReader.java:347)
java.base/java.io.BufferedReader.readLine(BufferedReader.java:436)
server.manager.ClientManager.run(ClientManager.java:78)
java.base/java.lang.Thread.run(Thread.java:1570)

2025-01-14 13:40:06 [Thread-4] ERROR server.manager.ClientManager - ERROR: в методе ClientManager.run. Причина: Stream closed
StackTrace: java.base/java.io.BufferedReader.ensureOpen(BufferedReader.java:121)
java.base/java.io.BufferedReader.implReadLine(BufferedReader.java:362)
java.base/java.io.BufferedReader.readLine(BufferedReader.java:347)
java.base/java.io.BufferedReader.readLine(BufferedReader.java:436)
server.manager.ClientManager.run(ClientManager.java:78)
java.base/java.lang.Thread.run(Thread.java:1570)

2025-01-14 13:40:07 [Thread-2] ERROR server.manager.ClientManager - ERROR: в методе ClientManager.run. Причина: Stream closed
StackTrace: java.base/java.io.BufferedReader.ensureOpen(BufferedReader.java:121)
java.base/java.io.BufferedReader.implReadLine(BufferedReader.java:362)
java.base/java.io.BufferedReader.readLine(BufferedReader.java:347)
java.base/java.io.BufferedReader.readLine(BufferedReader.java:436)
server.manager.ClientManager.run(ClientManager.java:78)
java.base/java.lang.Thread.run(Thread.java:1570)

2025-01-14 13:49:10 [Thread-2] ERROR server.manager.ClientManager - ERROR: в методе ClientManager.run. Причина: Stream closed
StackTrace: java.base/java.io.BufferedReader.ensureOpen(BufferedReader.java:121)
java.base/java.io.BufferedReader.implReadLine(BufferedReader.java:362)
java.base/java.io.BufferedReader.readLine(BufferedReader.java:347)
java.base/java.io.BufferedReader.readLine(BufferedReader.java:436)
server.manager.ClientManager.run(ClientManager.java:78)
java.base/java.lang.Thread.run(Thread.java:1570)

2025-01-14 13:49:12 [Thread-4] ERROR server.manager.ClientManager - ERROR: в методе ClientManager.run. Причина: Stream closed
StackTrace: java.base/java.io.BufferedReader.ensureOpen(BufferedReader.java:121)
java.base/java.io.BufferedReader.implReadLine(BufferedReader.java:362)
java.base/java.io.BufferedReader.readLine(BufferedReader.java:347)
java.base/java.io.BufferedReader.readLine(BufferedReader.java:436)
server.manager.ClientManager.run(ClientManager.java:78)
java.base/java.lang.Thread.run(Thread.java:1570)

2025-01-14 13:54:01 [Thread-4] ERROR server.manager.ClientManager - ERROR: в методе ClientManager.run. Причина: Stream closed
StackTrace: java.base/java.io.BufferedReader.ensureOpen(BufferedReader.java:121)
java.base/java.io.BufferedReader.implReadLine(BufferedReader.java:362)
java.base/java.io.BufferedReader.readLine(BufferedReader.java:347)
java.base/java.io.BufferedReader.readLine(BufferedReader.java:436)
server.manager.ClientManager.run(ClientManager.java:78)
java.base/java.lang.Thread.run(Thread.java:1570)

2025-01-14 13:54:03 [Thread-2] ERROR server.manager.ClientManager - ERROR: в методе ClientManager.run. Причина: Stream closed
StackTrace: java.base/java.io.BufferedReader.ensureOpen(BufferedReader.java:121)
java.base/java.io.BufferedReader.implReadLine(BufferedReader.java:362)
java.base/java.io.BufferedReader.readLine(BufferedReader.java:347)
java.base/java.io.BufferedReader.readLine(BufferedReader.java:436)
server.manager.ClientManager.run(ClientManager.java:78)
java.base/java.lang.Thread.run(Thread.java:1570)

2025-01-14 13:57:41 [Thread-4] ERROR server.manager.ClientManager - ERROR: в методе ClientManager.run. Причина: Stream closed
StackTrace: java.base/java.io.BufferedReader.ensureOpen(BufferedReader.java:121)
java.base/java.io.BufferedReader.implReadLine(BufferedReader.java:362)
java.base/java.io.BufferedReader.readLine(BufferedReader.java:347)
java.base/java.io.BufferedReader.readLine(BufferedReader.java:436)
server.manager.ClientManager.run(ClientManager.java:78)
java.base/java.lang.Thread.run(Thread.java:1570)

2025-01-14 13:57:42 [Thread-2] ERROR server.manager.ClientManager - ERROR: в методе ClientManager.run. Причина: Stream closed
StackTrace: java.base/java.io.BufferedReader.ensureOpen(BufferedReader.java:121)
java.base/java.io.BufferedReader.implReadLine(BufferedReader.java:362)
java.base/java.io.BufferedReader.readLine(BufferedReader.java:347)
java.base/java.io.BufferedReader.readLine(BufferedReader.java:436)
server.manager.ClientManager.run(ClientManager.java:78)
java.base/java.lang.Thread.run(Thread.java:1570)

2025-01-14 14:03:00 [Thread-4] ERROR server.manager.ClientManager - ERROR: в методе ClientManager.run. Причина: Stream closed
StackTrace: java.base/java.io.BufferedReader.ensureOpen(BufferedReader.java:121)
java.base/java.io.BufferedReader.implReadLine(BufferedReader.java:362)
java.base/java.io.BufferedReader.readLine(BufferedReader.java:347)
java.base/java.io.BufferedReader.readLine(BufferedReader.java:436)
server.manager.ClientManager.run(ClientManager.java:78)
java.base/java.lang.Thread.run(Thread.java:1570)

2025-01-14 14:03:00 [Thread-2] ERROR server.manager.ClientManager - ERROR: в методе ClientManager.run. Причина: Stream closed
StackTrace: java.base/java.io.BufferedReader.ensureOpen(BufferedReader.java:121)
java.base/java.io.BufferedReader.implReadLine(BufferedReader.java:362)
java.base/java.io.BufferedReader.readLine(BufferedReader.java:347)
java.base/java.io.BufferedReader.readLine(BufferedReader.java:436)
server.manager.ClientManager.run(ClientManager.java:78)
java.base/java.lang.Thread.run(Thread.java:1570)

2025-01-14 14:06:47 [Thread-4] ERROR server.manager.ClientManager - ERROR: в методе ClientManager.run. Причина: Stream closed
StackTrace: java.base/java.io.BufferedReader.ensureOpen(BufferedReader.java:121)
java.base/java.io.BufferedReader.implReadLine(BufferedReader.java:362)
java.base/java.io.BufferedReader.readLine(BufferedReader.java:347)
java.base/java.io.BufferedReader.readLine(BufferedReader.java:436)
server.manager.ClientManager.run(ClientManager.java:80)
java.base/java.lang.Thread.run(Thread.java:1570)

2025-01-14 14:06:48 [Thread-2] ERROR server.manager.ClientManager - ERROR: в методе ClientManager.run. Причина: Stream closed
StackTrace: java.base/java.io.BufferedReader.ensureOpen(BufferedReader.java:121)
java.base/java.io.BufferedReader.implReadLine(BufferedReader.java:362)
java.base/java.io.BufferedReader.readLine(BufferedReader.java:347)
java.base/java.io.BufferedReader.readLine(BufferedReader.java:436)
server.manager.ClientManager.run(ClientManager.java:80)
java.base/java.lang.Thread.run(Thread.java:1570)

2025-01-14 14:11:32 [Thread-4] ERROR server.manager.ClientManager - ERROR: в методе ClientManager.run. Причина: Stream closed
StackTrace: java.base/java.io.BufferedReader.ensureOpen(BufferedReader.java:121)
java.base/java.io.BufferedReader.implReadLine(BufferedReader.java:362)
java.base/java.io.BufferedReader.readLine(BufferedReader.java:347)
java.base/java.io.BufferedReader.readLine(BufferedReader.java:436)
server.manager.ClientManager.run(ClientManager.java:80)
java.base/java.lang.Thread.run(Thread.java:1570)

2025-01-14 14:11:33 [Thread-2] ERROR server.manager.ClientManager - ERROR: в методе ClientManager.run. Причина: Stream closed
StackTrace: java.base/java.io.BufferedReader.ensureOpen(BufferedReader.java:121)
java.base/java.io.BufferedReader.implReadLine(BufferedReader.java:362)
java.base/java.io.BufferedReader.readLine(BufferedReader.java:347)
java.base/java.io.BufferedReader.readLine(BufferedReader.java:436)
server.manager.ClientManager.run(ClientManager.java:80)
java.base/java.lang.Thread.run(Thread.java:1570)

2025-01-14 14:27:40 [Thread-6] ERROR server.manager.ClientManager - ERROR: в методе ClientManager.run. Причина: Stream closed
StackTrace: java.base/java.io.BufferedReader.ensureOpen(BufferedReader.java:121)
java.base/java.io.BufferedReader.implReadLine(BufferedReader.java:362)
java.base/java.io.BufferedReader.readLine(BufferedReader.java:347)
java.base/java.io.BufferedReader.readLine(BufferedReader.java:436)
server.manager.ClientManager.run(ClientManager.java:80)
java.base/java.lang.Thread.run(Thread.java:1570)

2025-01-14 14:27:41 [Thread-4] ERROR server.manager.ClientManager - ERROR: в методе ClientManager.run. Причина: Stream closed
StackTrace: java.base/java.io.BufferedReader.ensureOpen(BufferedReader.java:121)
java.base/java.io.BufferedReader.implReadLine(BufferedReader.java:362)
java.base/java.io.BufferedReader.readLine(BufferedReader.java:347)
java.base/java.io.BufferedReader.readLine(BufferedReader.java:436)
server.manager.ClientManager.run(ClientManager.java:80)
java.base/java.lang.Thread.run(Thread.java:1570)

2025-01-14 14:27:42 [Thread-2] ERROR server.manager.ClientManager - ERROR: в методе ClientManager.run. Причина: Stream closed
StackTrace: java.base/java.io.BufferedReader.ensureOpen(BufferedReader.java:121)
java.base/java.io.BufferedReader.implReadLine(BufferedReader.java:362)
java.base/java.io.BufferedReader.readLine(BufferedReader.java:347)
java.base/java.io.BufferedReader.readLine(BufferedReader.java:436)
server.manager.ClientManager.run(ClientManager.java:80)
java.base/java.lang.Thread.run(Thread.java:1570)

2025-01-14 14:33:27 [Thread-4] ERROR server.manager.ClientManager - ERROR: в методе ClientManager.run. Причина: Stream closed
StackTrace: java.base/java.io.BufferedReader.ensureOpen(BufferedReader.java:121)
java.base/java.io.BufferedReader.implReadLine(BufferedReader.java:362)
java.base/java.io.BufferedReader.readLine(BufferedReader.java:347)
java.base/java.io.BufferedReader.readLine(BufferedReader.java:436)
server.manager.ClientManager.run(ClientManager.java:80)
java.base/java.lang.Thread.run(Thread.java:1570)

2025-01-14 14:33:28 [Thread-2] ERROR server.manager.ClientManager - ERROR: в методе ClientManager.run. Причина: Stream closed
StackTrace: java.base/java.io.BufferedReader.ensureOpen(BufferedReader.java:121)
java.base/java.io.BufferedReader.implReadLine(BufferedReader.java:362)
java.base/java.io.BufferedReader.readLine(BufferedReader.java:347)
java.base/java.io.BufferedReader.readLine(BufferedReader.java:436)
server.manager.ClientManager.run(ClientManager.java:80)
java.base/java.lang.Thread.run(Thread.java:1570)

2025-01-14 16:23:00 [Thread-4] ERROR server.manager.ClientManager - ERROR: в методе ClientManager.run. Причина: Stream closed
StackTrace: java.base/java.io.BufferedReader.ensureOpen(BufferedReader.java:121)
java.base/java.io.BufferedReader.implReadLine(BufferedReader.java:362)
java.base/java.io.BufferedReader.readLine(BufferedReader.java:347)
java.base/java.io.BufferedReader.readLine(BufferedReader.java:436)
server.manager.ClientManager.run(ClientManager.java:80)
java.base/java.lang.Thread.run(Thread.java:1570)

2025-01-14 16:23:00 [Thread-2] ERROR server.manager.ClientManager - ERROR: в методе ClientManager.broadcastMessageToClients. Причина: Stream closed
StackTrace: java.base/java.io.BufferedWriter.ensureOpen(BufferedWriter.java:132)
java.base/java.io.BufferedWriter.implWrite(BufferedWriter.java:325)
java.base/java.io.BufferedWriter.write(BufferedWriter.java:313)
java.base/java.io.Writer.write(Writer.java:278)
server.manager.ClientManager.broadcastMessageToClients(ClientManager.java:123)
server.manager.ClientManager.updateOnlineClients(ClientManager.java:285)
server.manager.ClientManager.messageFromClient(ClientManager.java:217)
server.manager.ClientManager.run(ClientManager.java:83)
java.base/java.lang.Thread.run(Thread.java:1570)

2025-01-14 16:23:00 [Thread-2] ERROR server.manager.ClientManager - ERROR: в методе ClientManager.broadcastMessageToClients. Причина: Stream closed
StackTrace: java.base/java.io.BufferedWriter.ensureOpen(BufferedWriter.java:132)
java.base/java.io.BufferedWriter.implWrite(BufferedWriter.java:325)
java.base/java.io.BufferedWriter.write(BufferedWriter.java:313)
java.base/java.io.Writer.write(Writer.java:278)
server.manager.ClientManager.broadcastMessageToClients(ClientManager.java:123)
server.manager.ClientManager.messageFromClient(ClientManager.java:220)
server.manager.ClientManager.run(ClientManager.java:83)
java.base/java.lang.Thread.run(Thread.java:1570)

2025-01-14 16:23:00 [Thread-2] ERROR server.manager.ClientManager - ERROR: в методе ClientManager.run. Причина: Stream closed
StackTrace: java.base/java.io.BufferedReader.ensureOpen(BufferedReader.java:121)
java.base/java.io.BufferedReader.implReadLine(BufferedReader.java:362)
java.base/java.io.BufferedReader.readLine(BufferedReader.java:347)
java.base/java.io.BufferedReader.readLine(BufferedReader.java:436)
server.manager.ClientManager.run(ClientManager.java:80)
java.base/java.lang.Thread.run(Thread.java:1570)

2025-01-14 16:45:32 [Thread-2] ERROR server.manager.ClientManager - ERROR: в методе ClientManager.run. Причина: Stream closed
StackTrace: java.base/java.io.BufferedReader.ensureOpen(BufferedReader.java:121)
java.base/java.io.BufferedReader.implReadLine(BufferedReader.java:362)
java.base/java.io.BufferedReader.readLine(BufferedReader.java:347)
java.base/java.io.BufferedReader.readLine(BufferedReader.java:436)
server.manager.ClientManager.run(ClientManager.java:80)
java.base/java.lang.Thread.run(Thread.java:1570)

2025-01-14 16:47:48 [Thread-4] ERROR server.manager.ClientManager - ERROR: в методе ClientManager.run. Причина: Stream closed
StackTrace: java.base/java.io.BufferedReader.ensureOpen(BufferedReader.java:121)
java.base/java.io.BufferedReader.implReadLine(BufferedReader.java:362)
java.base/java.io.BufferedReader.readLine(BufferedReader.java:347)
java.base/java.io.BufferedReader.readLine(BufferedReader.java:436)
server.manager.ClientManager.run(ClientManager.java:80)
java.base/java.lang.Thread.run(Thread.java:1570)

2025-01-14 16:47:49 [Thread-6] ERROR server.manager.ClientManager - ERROR: в методе ClientManager.run. Причина: Stream closed
StackTrace: java.base/java.io.BufferedReader.ensureOpen(BufferedReader.java:121)
java.base/java.io.BufferedReader.implReadLine(BufferedReader.java:362)
java.base/java.io.BufferedReader.readLine(BufferedReader.java:347)
java.base/java.io.BufferedReader.readLine(BufferedReader.java:436)
server.manager.ClientManager.run(ClientManager.java:80)
java.base/java.lang.Thread.run(Thread.java:1570)

2025-01-14 16:59:03 [Thread-4] ERROR server.manager.ClientManager - ERROR: в методе ClientManager.run. Причина: Stream closed
StackTrace: java.base/java.io.BufferedReader.ensureOpen(BufferedReader.java:121)
java.base/java.io.BufferedReader.implReadLine(BufferedReader.java:362)
java.base/java.io.BufferedReader.readLine(BufferedReader.java:347)
java.base/java.io.BufferedReader.readLine(BufferedReader.java:436)
server.manager.ClientManager.run(ClientManager.java:80)
java.base/java.lang.Thread.run(Thread.java:1570)

2025-01-14 16:59:04 [Thread-2] ERROR server.manager.ClientManager - ERROR: в методе ClientManager.run. Причина: Stream closed
StackTrace: java.base/java.io.BufferedReader.ensureOpen(BufferedReader.java:121)
java.base/java.io.BufferedReader.implReadLine(BufferedReader.java:362)
java.base/java.io.BufferedReader.readLine(BufferedReader.java:347)
java.base/java.io.BufferedReader.readLine(BufferedReader.java:436)
server.manager.ClientManager.run(ClientManager.java:80)
java.base/java.lang.Thread.run(Thread.java:1570)

2025-01-14 17:13:58 [Thread-2] ERROR server.manager.ClientManager - ERROR: в методе ClientManager.run. Причина: Stream closed
StackTrace: java.base/java.io.BufferedReader.ensureOpen(BufferedReader.java:121)
java.base/java.io.BufferedReader.implReadLine(BufferedReader.java:362)
java.base/java.io.BufferedReader.readLine(BufferedReader.java:347)
java.base/java.io.BufferedReader.readLine(BufferedReader.java:436)
server.manager.ClientManager.run(ClientManager.java:80)
java.base/java.lang.Thread.run(Thread.java:1570)

2025-01-14 17:14:00 [Thread-4] ERROR server.manager.ClientManager - ERROR: в методе ClientManager.run. Причина: Stream closed
StackTrace: java.base/java.io.BufferedReader.ensureOpen(BufferedReader.java:121)
java.base/java.io.BufferedReader.implReadLine(BufferedReader.java:362)
java.base/java.io.BufferedReader.readLine(BufferedReader.java:347)
java.base/java.io.BufferedReader.readLine(BufferedReader.java:436)
server.manager.ClientManager.run(ClientManager.java:80)
java.base/java.lang.Thread.run(Thread.java:1570)

2025-01-14 17:26:49 [Thread-2] ERROR server.manager.ClientManager - ERROR: в методе ClientManager.run. Причина: Stream closed
StackTrace: java.base/java.io.BufferedReader.ensureOpen(BufferedReader.java:121)
java.base/java.io.BufferedReader.implReadLine(BufferedReader.java:362)
java.base/java.io.BufferedReader.readLine(BufferedReader.java:347)
java.base/java.io.BufferedReader.readLine(BufferedReader.java:436)
server.manager.ClientManager.run(ClientManager.java:80)
java.base/java.lang.Thread.run(Thread.java:1570)

2025-01-14 17:26:50 [Thread-4] ERROR server.manager.ClientManager - ERROR: в методе ClientManager.run. Причина: Stream closed
StackTrace: java.base/java.io.BufferedReader.ensureOpen(BufferedReader.java:121)
java.base/java.io.BufferedReader.implReadLine(BufferedReader.java:362)
java.base/java.io.BufferedReader.readLine(BufferedReader.java:347)
java.base/java.io.BufferedReader.readLine(BufferedReader.java:436)
server.manager.ClientManager.run(ClientManager.java:80)
java.base/java.lang.Thread.run(Thread.java:1570)

2025-01-14 17:30:01 [Thread-2] ERROR server.manager.ClientManager - ERROR: в методе ClientManager.run. Причина: Stream closed
StackTrace: java.base/java.io.BufferedReader.ensureOpen(BufferedReader.java:121)
java.base/java.io.BufferedReader.implReadLine(BufferedReader.java:362)
java.base/java.io.BufferedReader.readLine(BufferedReader.java:347)
java.base/java.io.BufferedReader.readLine(BufferedReader.java:436)
server.manager.ClientManager.run(ClientManager.java:80)
java.base/java.lang.Thread.run(Thread.java:1570)

2025-01-14 17:30:02 [Thread-4] ERROR server.manager.ClientManager - ERROR: в методе ClientManager.run. Причина: Stream closed
StackTrace: java.base/java.io.BufferedReader.ensureOpen(BufferedReader.java:121)
java.base/java.io.BufferedReader.implReadLine(BufferedReader.java:362)
java.base/java.io.BufferedReader.readLine(BufferedReader.java:347)
java.base/java.io.BufferedReader.readLine(BufferedReader.java:436)
server.manager.ClientManager.run(ClientManager.java:80)
java.base/java.lang.Thread.run(Thread.java:1570)

2025-01-14 17:44:07 [Thread-2] ERROR server.manager.ClientManager - ERROR: в методе ClientManager.run. Причина: Stream closed
StackTrace: java.base/java.io.BufferedReader.ensureOpen(BufferedReader.java:121)
java.base/java.io.BufferedReader.implReadLine(BufferedReader.java:362)
java.base/java.io.BufferedReader.readLine(BufferedReader.java:347)
java.base/java.io.BufferedReader.readLine(BufferedReader.java:436)
server.manager.ClientManager.run(ClientManager.java:80)
java.base/java.lang.Thread.run(Thread.java:1570)

2025-01-14 17:44:21 [Thread-4] ERROR server.manager.ClientManager - ERROR: в методе ClientManager.run. Причина: Stream closed
StackTrace: java.base/java.io.BufferedReader.ensureOpen(BufferedReader.java:121)
java.base/java.io.BufferedReader.implReadLine(BufferedReader.java:362)
java.base/java.io.BufferedReader.readLine(BufferedReader.java:347)
java.base/java.io.BufferedReader.readLine(BufferedReader.java:436)
server.manager.ClientManager.run(ClientManager.java:80)
java.base/java.lang.Thread.run(Thread.java:1570)

2025-01-14 18:15:36 [Thread-2] ERROR server.manager.ClientManager - ERROR: в методе ClientManager.run. Причина: Stream closed
StackTrace: java.base/java.io.BufferedReader.ensureOpen(BufferedReader.java:121)
java.base/java.io.BufferedReader.implReadLine(BufferedReader.java:362)
java.base/java.io.BufferedReader.readLine(BufferedReader.java:347)
java.base/java.io.BufferedReader.readLine(BufferedReader.java:436)
server.manager.ClientManager.run(ClientManager.java:80)
java.base/java.lang.Thread.run(Thread.java:1570)

2025-01-14 18:16:20 [Thread-4] ERROR server.manager.ClientManager - ERROR: в методе ClientManager.run. Причина: Stream closed
StackTrace: java.base/java.io.BufferedReader.ensureOpen(BufferedReader.java:121)
java.base/java.io.BufferedReader.implReadLine(BufferedReader.java:362)
java.base/java.io.BufferedReader.readLine(BufferedReader.java:347)
java.base/java.io.BufferedReader.readLine(BufferedReader.java:436)
server.manager.ClientManager.run(ClientManager.java:80)
java.base/java.lang.Thread.run(Thread.java:1570)

2025-01-14 18:16:22 [Thread-6] ERROR server.manager.ClientManager - ERROR: в методе ClientManager.run. Причина: Stream closed
StackTrace: java.base/java.io.BufferedReader.ensureOpen(BufferedReader.java:121)
java.base/java.io.BufferedReader.implReadLine(BufferedReader.java:362)
java.base/java.io.BufferedReader.readLine(BufferedReader.java:347)
java.base/java.io.BufferedReader.readLine(BufferedReader.java:436)
server.manager.ClientManager.run(ClientManager.java:80)
java.base/java.lang.Thread.run(Thread.java:1570)

