2025-01-14 13:21:46 [main] ERROR org.client.view.ClientView - ERROR: В методе sendMessage. Причина: Обрыв канала
StackTrace: java.base/sun.nio.ch.SocketDispatcher.write0(Native Method)
java.base/sun.nio.ch.SocketDispatcher.write(SocketDispatcher.java:62)
java.base/sun.nio.ch.NioSocketImpl.tryWrite(NioSocketImpl.java:394)
java.base/sun.nio.ch.NioSocketImpl.implWrite(NioSocketImpl.java:410)
java.base/sun.nio.ch.NioSocketImpl.write(NioSocketImpl.java:440)
java.base/sun.nio.ch.NioSocketImpl$2.write(NioSocketImpl.java:819)
java.base/java.net.Socket$SocketOutputStream.implWrite(Socket.java:1223)
java.base/java.net.Socket$SocketOutputStream.write(Socket.java:1210)
java.base/sun.nio.cs.StreamEncoder.writeBytes(StreamEncoder.java:291)
java.base/sun.nio.cs.StreamEncoder.implFlushBuffer(StreamEncoder.java:386)
java.base/sun.nio.cs.StreamEncoder.implFlush(StreamEncoder.java:391)
java.base/sun.nio.cs.StreamEncoder.lockedFlush(StreamEncoder.java:208)
java.base/sun.nio.cs.StreamEncoder.flush(StreamEncoder.java:195)
java.base/java.io.OutputStreamWriter.flush(OutputStreamWriter.java:260)
java.base/java.io.BufferedWriter.implFlush(BufferedWriter.java:372)
java.base/java.io.BufferedWriter.flush(BufferedWriter.java:359)
org.client.view.ClientView.sendMessage(ClientView.java:493)
org.client.ClientMain.main(ClientMain.java:14)

2025-01-14 13:21:46 [Thread-0] ERROR org.client.view.ClientView - ERROR: В методе listenForMessage. Причина: Stream closed
StackTrace: java.base/java.io.BufferedReader.ensureOpen(BufferedReader.java:121)
java.base/java.io.BufferedReader.implReadLine(BufferedReader.java:362)
java.base/java.io.BufferedReader.readLine(BufferedReader.java:347)
java.base/java.io.BufferedReader.readLine(BufferedReader.java:436)
org.client.view.ClientView.lambda$listenForMessage$12(ClientView.java:410)
java.base/java.lang.Thread.run(Thread.java:1570)

